<?xml version="1.0" encoding="UTF-8"?>
<!-- Generated by org.testng.reporters.JUnitReportReporter -->
<testsuite hostname="VJ-PC" name="Pack1.ScrollDownVJ" tests="1" failures="0" timestamp="29 May 2016 18:42:18 GMT" time="13.732" errors="0">
  <testcase name="scrolldown" time="13.732" classname="Pack1.ScrollDownVJ"/>
</testsuite> <!-- Pack1.ScrollDownVJ -->
