<?xml version="1.0" encoding="UTF-8"?>
<!-- Generated by org.testng.reporters.JUnitReportReporter -->
<testsuite hostname="VJ-PC" name="Pack1.MouseOverEventsVJ" tests="1" failures="0" timestamp="29 May 2016 18:25:57 GMT" time="29.854" errors="0">
  <testcase name="mouseoverevents" time="29.854" classname="Pack1.MouseOverEventsVJ"/>
</testsuite> <!-- Pack1.MouseOverEventsVJ -->
