<?xml version="1.0" encoding="UTF-8"?>
<!-- Generated by org.testng.reporters.JUnitReportReporter -->
<testsuite hostname="VJ-PC" name="Pack1.TestNGTestsVJ" tests="5" failures="0" timestamp="17 Feb 2016 20:39:33 GMT" time="66.571" errors="0">
  <testcase name="quikr" time="9.946" classname="Pack1.TestNGTestsVJ"/>
  <testcase name="gmail" time="22.283" classname="Pack1.TestNGTestsVJ"/>
  <testcase name="carwale" time="16.981" classname="Pack1.TestNGTestsVJ"/>
  <testcase name="google" time="10.517" classname="Pack1.TestNGTestsVJ"/>
  <testcase name="ebay" time="6.844" classname="Pack1.TestNGTestsVJ"/>
</testsuite> <!-- Pack1.TestNGTestsVJ -->
