<?xml version="1.0" encoding="UTF-8"?>
<!-- Generated by org.testng.reporters.JUnitReportReporter -->
<testsuite hostname="VJ-PC" name="Pack1.TestFramesVJ" tests="1" failures="0" timestamp="18 Feb 2016 06:15:56 GMT" time="27.005" errors="0">
  <testcase name="TestFrames" time="27.005" classname="Pack1.TestFramesVJ"/>
</testsuite> <!-- Pack1.TestFramesVJ -->
