<?xml version="1.0" encoding="UTF-8"?>
<!-- Generated by org.testng.reporters.JUnitReportReporter -->
<testsuite hostname="VJ-PC" name="Pack1.goldsmiths_options" tests="1" failures="0" timestamp="15 May 2016 16:26:40 GMT" time="31.247" errors="0">
  <testcase name="goldsmiths" time="31.247" classname="Pack1.goldsmiths_options"/>
</testsuite> <!-- Pack1.goldsmiths_options -->
